<?xml version="1.0" encoding="UTF-8"?>
<!-- Generated by org.testng.reporters.JUnitXMLReporter -->
<testsuite hostname="ADITSSIN-IN" name="Test" tests="3" failures="0" timestamp="27 Sep 2019 06:35:00 GMT" time="73.194" errors="0">
  <testcase name="tetscase123" time="27.395" classname="com.testCases.Test123"/>
  <testcase name="tetscase123" time="22.499" classname="com.testCases.Test123"/>
  <testcase name="tetscase123" time="22.409" classname="com.testCases.Test123"/>
</testsuite> <!-- Test -->
